Using pre-set license
Built from '2022.3/staging' branch; Version is '2022.3.10f1 (ff3792e53c62) revision 16725906'; Using compiler version '192829333'; Build Type 'Release'
OS: 'Windows 11  (10.0.22631) 64bit Core' Language: 'en' Physical Memory: 32538 MB
BatchMode: 1, IsHumanControllingUs: 0, StartBugReporterOnCrash: 0, Is64bit: 1, IsPro: 1

COMMAND LINE ARGUMENTS:
C:\Program Files\Unity\Hub\Editor\2022.3.10f1\Editor\Unity.exe
-adb2
-batchMode
-noUpm
-name
AssetImportWorker5
-projectPath
C:/Users/Euanv/OneDrive/Documents/GitHub/CG-Ellie/CG_Built-In
-logFile
Logs/AssetImportWorker5.log
-srvPort
49305
Successfully changed project path to: C:/Users/Euanv/OneDrive/Documents/GitHub/CG-Ellie/CG_Built-In
C:/Users/Euanv/OneDrive/Documents/GitHub/CG-Ellie/CG_Built-In
[UnityMemory] Configuration Parameters - Can be set up in boot.config
    "memorysetup-bucket-allocator-granularity=16"
    "memorysetup-bucket-allocator-bucket-count=8"
    "memorysetup-bucket-allocator-block-size=33554432"
    "memorysetup-bucket-allocator-block-count=8"
    "memorysetup-main-allocator-block-size=16777216"
    "memorysetup-thread-allocator-block-size=16777216"
    "memorysetup-gfx-main-allocator-block-size=16777216"
    "memorysetup-gfx-thread-allocator-block-size=16777216"
    "memorysetup-cache-allocator-block-size=4194304"
    "memorysetup-typetree-allocator-block-size=2097152"
    "memorysetup-profiler-bucket-allocator-granularity=16"
    "memorysetup-profiler-bucket-allocator-bucket-count=8"
    "memorysetup-profiler-bucket-allocator-block-size=33554432"
    "memorysetup-profiler-bucket-allocator-block-count=8"
    "memorysetup-profiler-allocator-block-size=16777216"
    "memorysetup-profiler-editor-allocator-block-size=1048576"
    "memorysetup-temp-allocator-size-main=16777216"
    "memorysetup-job-temp-allocator-block-size=2097152"
    "memorysetup-job-temp-allocator-block-size-background=1048576"
    "memorysetup-job-temp-allocator-reduction-small-platforms=262144"
    "memorysetup-allocator-temp-initial-block-size-main=262144"
    "memorysetup-allocator-temp-initial-block-size-worker=262144"
    "memorysetup-temp-allocator-size-background-worker=32768"
    "memorysetup-temp-allocator-size-job-worker=262144"
    "memorysetup-temp-allocator-size-preload-manager=33554432"
    "memorysetup-temp-allocator-size-nav-mesh-worker=65536"
    "memorysetup-temp-allocator-size-audio-worker=65536"
    "memorysetup-temp-allocator-size-cloud-worker=32768"
    "memorysetup-temp-allocator-size-gi-baking-worker=262144"
    "memorysetup-temp-allocator-size-gfx=262144"
Player connection [34428] Host "[IP] 10.0.0.21 [Port] 0 [Flags] 2 [Guid] 2904471944 [EditorId] 2904471944 [Version] 1048832 [Id] WindowsEditor(7,General_Kenobi) [Debug] 1 [PackageName] WindowsEditor [ProjectName] Editor" joined multi-casting on [225.0.0.222:54997]...

Player connection [34428] Host "[IP] 10.0.0.21 [Port] 0 [Flags] 2 [Guid] 2904471944 [EditorId] 2904471944 [Version] 1048832 [Id] WindowsEditor(7,General_Kenobi) [Debug] 1 [PackageName] WindowsEditor [ProjectName] Editor" joined alternative multi-casting on [225.0.0.222:34997]...

[Physics::Module] Initialized MultithreadedJobDispatcher with 23 workers.
Refreshing native plugins compatible for Editor in 6.46 ms, found 3 plugins.
Preloading 0 native plugins for Editor in 0.00 ms.
Initialize engine version: 2022.3.10f1 (ff3792e53c62)
[Subsystems] Discovering subsystems at path C:/Program Files/Unity/Hub/Editor/2022.3.10f1/Editor/Data/Resources/UnitySubsystems
[Subsystems] Discovering subsystems at path C:/Users/Euanv/OneDrive/Documents/GitHub/CG-Ellie/CG_Built-In/Assets
GfxDevice: creating device client; threaded=0; jobified=0
Direct3D:
    Version:  Direct3D 11.0 [level 11.1]
    Renderer: NVIDIA GeForce RTX 4070 Ti (ID=0x2782)
    Vendor:   NVIDIA
    VRAM:     11996 MB
    Driver:   32.0.15.6590
Initialize mono
Mono path[0] = 'C:/Program Files/Unity/Hub/Editor/2022.3.10f1/Editor/Data/Managed'
Mono path[1] = 'C:/Program Files/Unity/Hub/Editor/2022.3.10f1/Editor/Data/MonoBleedingEdge/lib/mono/unityjit-win32'
Mono config path = 'C:/Program Files/Unity/Hub/Editor/2022.3.10f1/Editor/Data/MonoBleedingEdge/etc'
Using monoOptions --debugger-agent=transport=dt_socket,embedding=1,server=y,suspend=n,address=127.0.0.1:56520
Begin MonoManager ReloadAssembly
Registering precompiled unity dll's ...
Register platform support module: C:/Program Files/Unity/Hub/Editor/2022.3.10f1/Editor/Data/PlaybackEngines/WindowsStandaloneSupport/UnityEditor.WindowsStandalone.Extensions.dll
Registered in 0.005139 seconds.
- Loaded All Assemblies, in  0.242 seconds
Native extension for WindowsStandalone target not found
Mono: successfully reloaded assembly
- Finished resetting the current domain, in  0.170 seconds
Domain Reload Profiling: 412ms
	BeginReloadAssembly (77ms)
		ExecutionOrderSort (0ms)
		DisableScriptedObjects (0ms)
		BackupInstance (0ms)
		ReleaseScriptingObjects (0ms)
		CreateAndSetChildDomain (0ms)
	RebuildCommonClasses (21ms)
	RebuildNativeTypeToScriptingClass (6ms)
	initialDomainReloadingComplete (42ms)
	LoadAllAssembliesAndSetupDomain (94ms)
		LoadAssemblies (76ms)
		RebuildTransferFunctionScriptingTraits (0ms)
		AnalyzeDomain (93ms)
			TypeCache.Refresh (91ms)
				TypeCache.ScanAssembly (81ms)
			ScanForSourceGeneratedMonoScriptInfo (0ms)
			ResolveRequiredComponents (0ms)
	FinalizeReload (171ms)
		ReleaseScriptCaches (0ms)
		RebuildScriptCaches (0ms)
		SetupLoadedEditorAssemblies (130ms)
			LogAssemblyErrors (0ms)
			InitializePlatformSupportModulesInManaged (7ms)
			SetLoadedEditorAssemblies (5ms)
			RefreshPlugins (0ms)
			BeforeProcessingInitializeOnLoad (1ms)
			ProcessInitializeOnLoadAttributes (83ms)
			ProcessInitializeOnLoadMethodAttributes (34ms)
			AfterProcessingInitializeOnLoad (0ms)
			EditorAssembliesLoaded (0ms)
		ExecutionOrderSort2 (0ms)
		AwakeInstancesAfterBackupRestoration (0ms)
========================================================================
Worker process is ready to serve import requests
Begin MonoManager ReloadAssembly
- Loaded All Assemblies, in  0.468 seconds
Refreshing native plugins compatible for Editor in 2.13 ms, found 3 plugins.
Native extension for WindowsStandalone target not found
Package Manager log level set to [2]
[Package Manager] Server::EnsureServerProcessIsRunning -- launch failed, reason: Unity was launched with the -noUpm command-line argument
[Package Manager] UpmClient::Send -- Unable to send message (not connected to UPM process).
[Package Manager] Cannot connect to Unity Package Manager local server
Mono: successfully reloaded assembly
- Finished resetting the current domain, in  0.407 seconds
Domain Reload Profiling: 874ms
	BeginReloadAssembly (114ms)
		ExecutionOrderSort (0ms)
		DisableScriptedObjects (3ms)
		BackupInstance (0ms)
		ReleaseScriptingObjects (0ms)
		CreateAndSetChildDomain (16ms)
	RebuildCommonClasses (20ms)
	RebuildNativeTypeToScriptingClass (6ms)
	initialDomainReloadingComplete (28ms)
	LoadAllAssembliesAndSetupDomain (298ms)
		LoadAssemblies (234ms)
		RebuildTransferFunctionScriptingTraits (0ms)
		AnalyzeDomain (131ms)
			TypeCache.Refresh (117ms)
				TypeCache.ScanAssembly (104ms)
			ScanForSourceGeneratedMonoScriptInfo (10ms)
			ResolveRequiredComponents (2ms)
	FinalizeReload (408ms)
		ReleaseScriptCaches (0ms)
		RebuildScriptCaches (0ms)
		SetupLoadedEditorAssemblies (308ms)
			LogAssemblyErrors (0ms)
			InitializePlatformSupportModulesInManaged (4ms)
			SetLoadedEditorAssemblies (3ms)
			RefreshPlugins (0ms)
			BeforeProcessingInitializeOnLoad (42ms)
			ProcessInitializeOnLoadAttributes (241ms)
			ProcessInitializeOnLoadMethodAttributes (14ms)
			AfterProcessingInitializeOnLoad (5ms)
			EditorAssembliesLoaded (0ms)
		ExecutionOrderSort2 (0ms)
		AwakeInstancesAfterBackupRestoration (4ms)
Launched and connected shader compiler UnityShaderCompiler.exe after 0.05 seconds
Refreshing native plugins compatible for Editor in 5.63 ms, found 3 plugins.
Preloading 0 native plugins for Editor in 0.00 ms.
Unloading 3115 Unused Serialized files (Serialized files now loaded: 0)
Unloading 31 unused Assets / (56.6 KB). Loaded Objects now: 3580.
Memory consumption went from 128.7 MB to 128.6 MB.
Total: 1.972200 ms (FindLiveObjects: 0.152500 ms CreateObjectMapping: 0.043200 ms MarkObjects: 1.692200 ms  DeleteObjects: 0.083800 ms)

AssetImportParameters requested are different than current active one (requested -> active):
  custom:container-demuxer-ogg: 62fdf1f143b41e24485cea50d1cbac27 -> 
  custom:video-codec-MediaFoundation-h265: 746d11721c4dcdbdad8f713fa42b33f4 -> 
  custom:video-decoder-ogg-theora: a1e56fd34408186e4bbccfd4996cb3dc -> 
  custom:framework-win-MediaFoundation: 216162199b28c13a410421893ffa2e32 -> 
  custom:CustomObjectIndexerAttribute: 756ad292c208cfabdd7b50bc23989ffe -> 
  custom:container-demuxer-webm: 4f35f7cbe854078d1ac9338744f61a02 -> 
  custom:container-muxer-webm: aa71ff27fc2769a1b78a27578f13a17b -> 
  custom:video-decoder-webm-vp8: 9c59270c3fd7afecdb556c50c9e8de78 -> 
  custom:SearchIndexIgnoredProperties: e643bd26f0fe6173181afceb89e7c659 -> 
  custom:AudioImporter_EditorPlatform: d09bf68614088b80899f8185d706f6e7 -> 
  custom:video-encoder-webm-vp8: eb34c28f22e8b96e1ab97ce403110664 -> 
  custom:audio-decoder-ogg-vorbis: bf7c407c2cedff20999df2af8eb42d56 -> 
  custom:audio-encoder-webm-vorbis: bf7c407c2cedff20999df2af8eb42d56 -> 
========================================================================
Received Import Request.
  Time since last request: 2246590.368932 seconds.
  path: Assets/Fantasy Skybox FREE/Cubemaps/FS013/Images/FS013_Night_Moonless_Cubemap_front.png
  artifactKey: Guid(df1d35a94f232c743bcf1e26626cf819) Importer(815301076,1909f56bfc062723c751e8b465ee728b)
Start importing Assets/Fantasy Skybox FREE/Cubemaps/FS013/Images/FS013_Night_Moonless_Cubemap_front.png using Guid(df1d35a94f232c743bcf1e26626cf819) Importer(815301076,1909f56bfc062723c751e8b465ee728b)  -> (artifact id: '1469e1c8761f19fb260ff85bc8cbac6f') in 0.052685 seconds
Number of updated asset objects reloaded before import = 0
Number of asset objects unloaded after import = 2
========================================================================
Received Import Request.
  Time since last request: 0.030176 seconds.
  path: Assets/Fantasy Skybox FREE/Cubemaps/FS013/Images/FS013_Rainy_Cubemap_down.png
  artifactKey: Guid(3b3d4ff10b5623e4297c319466db5c99) Importer(815301076,1909f56bfc062723c751e8b465ee728b)
Start importing Assets/Fantasy Skybox FREE/Cubemaps/FS013/Images/FS013_Rainy_Cubemap_down.png using Guid(3b3d4ff10b5623e4297c319466db5c99) Importer(815301076,1909f56bfc062723c751e8b465ee728b)  -> (artifact id: 'efc5593a7e1c2e0fb629427b9dc698f0') in 0.013525 seconds
Number of updated asset objects reloaded before import = 0
Number of asset objects unloaded after import = 2
========================================================================
Received Import Request.
  Time since last request: 0.000013 seconds.
  path: Assets/Fantasy Skybox FREE/Cubemaps/FS013/Images/FS013_Rainy_Cubemap_right.png
  artifactKey: Guid(bc317a9e5d9738e4baa80940350d89a4) Importer(815301076,1909f56bfc062723c751e8b465ee728b)
Start importing Assets/Fantasy Skybox FREE/Cubemaps/FS013/Images/FS013_Rainy_Cubemap_right.png using Guid(bc317a9e5d9738e4baa80940350d89a4) Importer(815301076,1909f56bfc062723c751e8b465ee728b)  -> (artifact id: '1490de17797d52aea7e0a700c502f7ce') in 0.013539 seconds
Number of updated asset objects reloaded before import = 0
Number of asset objects unloaded after import = 2
========================================================================
Received Import Request.
  Time since last request: 0.061678 seconds.
  path: Assets/Fantasy Skybox FREE/Cubemaps/FS013/Images/FS013_Snowy_Cubemap_down.png
  artifactKey: Guid(e0b1860da5982404699488bb18ae0a5c) Importer(815301076,1909f56bfc062723c751e8b465ee728b)
Start importing Assets/Fantasy Skybox FREE/Cubemaps/FS013/Images/FS013_Snowy_Cubemap_down.png using Guid(e0b1860da5982404699488bb18ae0a5c) Importer(815301076,1909f56bfc062723c751e8b465ee728b)  -> (artifact id: 'd43e13026f7be6fd7c04cdb68a29eb3e') in 0.024784 seconds
Number of updated asset objects reloaded before import = 0
Number of asset objects unloaded after import = 2
========================================================================
Received Import Request.
  Time since last request: 11.285942 seconds.
  path: Assets/Fantasy Skybox FREE/Cubemaps/FS017/Images/FS017_Day_Cubemap_up.png
  artifactKey: Guid(eeaad692c5b23d149b53932062b4da5b) Importer(815301076,1909f56bfc062723c751e8b465ee728b)
Start importing Assets/Fantasy Skybox FREE/Cubemaps/FS017/Images/FS017_Day_Cubemap_up.png using Guid(eeaad692c5b23d149b53932062b4da5b) Importer(815301076,1909f56bfc062723c751e8b465ee728b)  -> (artifact id: 'c91088239a5a468338d71aa28b13aebe') in 0.014507 seconds
Number of updated asset objects reloaded before import = 0
Number of asset objects unloaded after import = 2
========================================================================
Received Import Request.
  Time since last request: 0.028087 seconds.
  path: Assets/Fantasy Skybox FREE/Panoramics/FS013/FS013_Sunset.png
  artifactKey: Guid(c9c7d456c59dc784b93f9c65f163e63f) Importer(815301076,1909f56bfc062723c751e8b465ee728b)
Start importing Assets/Fantasy Skybox FREE/Panoramics/FS013/FS013_Sunset.png using Guid(c9c7d456c59dc784b93f9c65f163e63f) Importer(815301076,1909f56bfc062723c751e8b465ee728b)  -> (artifact id: 'aaf634de2b0f0b943536734f1cd1ac6e') in 0.015127 seconds
Number of updated asset objects reloaded before import = 0
Number of asset objects unloaded after import = 2
========================================================================
Received Import Request.
  Time since last request: 0.048196 seconds.
  path: Assets/Fantasy Skybox FREE/Cubemaps/FS013/Images/FS013_Sunset_Cubemap_front.png
  artifactKey: Guid(ff8abd214316c8b40a27074464ed2778) Importer(815301076,1909f56bfc062723c751e8b465ee728b)
Start importing Assets/Fantasy Skybox FREE/Cubemaps/FS013/Images/FS013_Sunset_Cubemap_front.png using Guid(ff8abd214316c8b40a27074464ed2778) Importer(815301076,1909f56bfc062723c751e8b465ee728b)  -> (artifact id: '000ee5bc6aace7e6ecc6ae6c9b04bc72') in 0.018046 seconds
Number of updated asset objects reloaded before import = 0
Number of asset objects unloaded after import = 2
========================================================================
Received Import Request.
  Time since last request: 0.000012 seconds.
  path: Assets/Fantasy Skybox FREE/Panoramics/FS017/FS017_Day.png
  artifactKey: Guid(53129b20db5c19c4a9f4fcd4efd08b96) Importer(815301076,1909f56bfc062723c751e8b465ee728b)
Start importing Assets/Fantasy Skybox FREE/Panoramics/FS017/FS017_Day.png using Guid(53129b20db5c19c4a9f4fcd4efd08b96) Importer(815301076,1909f56bfc062723c751e8b465ee728b)  -> (artifact id: 'af173aa6c1df7c48ffb636b2879b8256') in 0.014603 seconds
Number of updated asset objects reloaded before import = 0
Number of asset objects unloaded after import = 2
========================================================================
Received Import Request.
  Time since last request: 0.044785 seconds.
  path: Assets/Fantasy Skybox FREE/Cubemaps/FS017/Images/FS017_Day_Cubemap_down.png
  artifactKey: Guid(3ff2c9760785dd641953e7ccd7baa5a7) Importer(815301076,1909f56bfc062723c751e8b465ee728b)
Start importing Assets/Fantasy Skybox FREE/Cubemaps/FS017/Images/FS017_Day_Cubemap_down.png using Guid(3ff2c9760785dd641953e7ccd7baa5a7) Importer(815301076,1909f56bfc062723c751e8b465ee728b)  -> (artifact id: '1cb93be8278958cfce85484a06b95ff7') in 0.014344 seconds
Number of updated asset objects reloaded before import = 0
Number of asset objects unloaded after import = 2
========================================================================
Received Import Request.
  Time since last request: 0.025329 seconds.
  path: Assets/Fantasy Skybox FREE/Cubemaps/FS002/Images/FS002_Sunset_Cubemap_up.png
  artifactKey: Guid(81862312e363d5548903cdb0d34a93ca) Importer(815301076,1909f56bfc062723c751e8b465ee728b)
Start importing Assets/Fantasy Skybox FREE/Cubemaps/FS002/Images/FS002_Sunset_Cubemap_up.png using Guid(81862312e363d5548903cdb0d34a93ca) Importer(815301076,1909f56bfc062723c751e8b465ee728b)  -> (artifact id: 'ce3b873df8bd499c1b174cd0aec38a2c') in 0.016720 seconds
Number of updated asset objects reloaded before import = 0
Number of asset objects unloaded after import = 2
========================================================================
Received Import Request.
  Time since last request: 0.055110 seconds.
  path: Assets/Fantasy Skybox FREE/Cubemaps/FS003/Images/FS003_Day_Cubemap_front.png
  artifactKey: Guid(d54e45415dea1734eab7c4e9990264b9) Importer(815301076,1909f56bfc062723c751e8b465ee728b)
Start importing Assets/Fantasy Skybox FREE/Cubemaps/FS003/Images/FS003_Day_Cubemap_front.png using Guid(d54e45415dea1734eab7c4e9990264b9) Importer(815301076,1909f56bfc062723c751e8b465ee728b)  -> (artifact id: 'f97d858baa99f9b958770d39b228e1b6') in 0.016395 seconds
Number of updated asset objects reloaded before import = 0
Number of asset objects unloaded after import = 2
========================================================================
Received Import Request.
  Time since last request: 0.000013 seconds.
  path: Assets/Fantasy Skybox FREE/Cubemaps/FS003/Images/FS003_Day_Cubemap_right.png
  artifactKey: Guid(af892a80d6997c243a3fa15640a841d2) Importer(815301076,1909f56bfc062723c751e8b465ee728b)
Start importing Assets/Fantasy Skybox FREE/Cubemaps/FS003/Images/FS003_Day_Cubemap_right.png using Guid(af892a80d6997c243a3fa15640a841d2) Importer(815301076,1909f56bfc062723c751e8b465ee728b)  -> (artifact id: 'e7b354cb0a644865a77727c24c007998') in 0.014455 seconds
Number of updated asset objects reloaded before import = 0
Number of asset objects unloaded after import = 2
========================================================================
Received Import Request.
  Time since last request: 0.000017 seconds.
  path: Assets/Fantasy Skybox FREE/Panoramics/FS003/FS003_Day_Sunless.png
  artifactKey: Guid(99b254ad4e7668d419be526ebb66b549) Importer(815301076,1909f56bfc062723c751e8b465ee728b)
Start importing Assets/Fantasy Skybox FREE/Panoramics/FS003/FS003_Day_Sunless.png using Guid(99b254ad4e7668d419be526ebb66b549) Importer(815301076,1909f56bfc062723c751e8b465ee728b)  -> (artifact id: 'e26b269d76e449a1fc4c935197b154e6') in 0.027860 seconds
Number of updated asset objects reloaded before import = 0
Number of asset objects unloaded after import = 2
========================================================================
Received Import Request.
  Time since last request: 0.023061 seconds.
  path: Assets/Fantasy Skybox FREE/Cubemaps/FS003/Images/FS003_Day_Sunless_Cubemap_down.png
  artifactKey: Guid(d33547bdc1205634284abdfc244313f0) Importer(815301076,1909f56bfc062723c751e8b465ee728b)
Start importing Assets/Fantasy Skybox FREE/Cubemaps/FS003/Images/FS003_Day_Sunless_Cubemap_down.png using Guid(d33547bdc1205634284abdfc244313f0) Importer(815301076,1909f56bfc062723c751e8b465ee728b)  -> (artifact id: 'c04827bafd0a7dd457e20b57385f73bd') in 0.023389 seconds
Number of updated asset objects reloaded before import = 0
Number of asset objects unloaded after import = 2
========================================================================
Received Import Request.
  Time since last request: 0.000012 seconds.
  path: Assets/Fantasy Skybox FREE/Panoramics/FS003/FS003_Night.png
  artifactKey: Guid(323f1ea1bce78fe4c90b2286fa1997e2) Importer(815301076,1909f56bfc062723c751e8b465ee728b)
Start importing Assets/Fantasy Skybox FREE/Panoramics/FS003/FS003_Night.png using Guid(323f1ea1bce78fe4c90b2286fa1997e2) Importer(815301076,1909f56bfc062723c751e8b465ee728b)  -> (artifact id: 'a6ee36b27d7b17c261132abe9dfe01f0') in 0.026766 seconds
Number of updated asset objects reloaded before import = 0
Number of asset objects unloaded after import = 2
========================================================================
Received Import Request.
  Time since last request: 0.000021 seconds.
  path: Assets/Fantasy Skybox FREE/Cubemaps/FS003/Images/FS003_Day_Sunless_Cubemap_left.png
  artifactKey: Guid(511b7abba6c662c40a0db075afdeeba7) Importer(815301076,1909f56bfc062723c751e8b465ee728b)
Start importing Assets/Fantasy Skybox FREE/Cubemaps/FS003/Images/FS003_Day_Sunless_Cubemap_left.png using Guid(511b7abba6c662c40a0db075afdeeba7) Importer(815301076,1909f56bfc062723c751e8b465ee728b)  -> (artifact id: '693ba06b2e4c1e6fc8e2eb7231f18a49') in 0.027991 seconds
Number of updated asset objects reloaded before import = 0
Number of asset objects unloaded after import = 2
Editor requested this worker to shutdown with reason: Scaling down because of idle timeout
TcpMessagingSession - receive error: operation aborted. errorcode: 995, details: The I/O operation has been aborted because of either a thread exit or an application request.
AssetImportWorker is now disconnected from the server
Process exiting
Exiting without the bug reporter. Application will terminate with return code 0