Using pre-set license
Built from '2022.3/staging' branch; Version is '2022.3.10f1 (ff3792e53c62) revision 16725906'; Using compiler version '192829333'; Build Type 'Release'
OS: 'Windows 11  (10.0.22631) 64bit Core' Language: 'en' Physical Memory: 32538 MB
BatchMode: 1, IsHumanControllingUs: 0, StartBugReporterOnCrash: 0, Is64bit: 1, IsPro: 1

COMMAND LINE ARGUMENTS:
C:\Program Files\Unity\Hub\Editor\2022.3.10f1\Editor\Unity.exe
-adb2
-batchMode
-noUpm
-name
AssetImportWorker1
-projectPath
C:/Users/Euanv/OneDrive/Documents/GitHub/CG-Ellie/CG_Built-In
-logFile
Logs/AssetImportWorker1.log
-srvPort
64497
Successfully changed project path to: C:/Users/Euanv/OneDrive/Documents/GitHub/CG-Ellie/CG_Built-In
C:/Users/Euanv/OneDrive/Documents/GitHub/CG-Ellie/CG_Built-In
[UnityMemory] Configuration Parameters - Can be set up in boot.config
    "memorysetup-bucket-allocator-granularity=16"
    "memorysetup-bucket-allocator-bucket-count=8"
    "memorysetup-bucket-allocator-block-size=33554432"
    "memorysetup-bucket-allocator-block-count=8"
    "memorysetup-main-allocator-block-size=16777216"
    "memorysetup-thread-allocator-block-size=16777216"
    "memorysetup-gfx-main-allocator-block-size=16777216"
    "memorysetup-gfx-thread-allocator-block-size=16777216"
    "memorysetup-cache-allocator-block-size=4194304"
    "memorysetup-typetree-allocator-block-size=2097152"
    "memorysetup-profiler-bucket-allocator-granularity=16"
    "memorysetup-profiler-bucket-allocator-bucket-count=8"
    "memorysetup-profiler-bucket-allocator-block-size=33554432"
    "memorysetup-profiler-bucket-allocator-block-count=8"
    "memorysetup-profiler-allocator-block-size=16777216"
    "memorysetup-profiler-editor-allocator-block-size=1048576"
    "memorysetup-temp-allocator-size-main=16777216"
    "memorysetup-job-temp-allocator-block-size=2097152"
    "memorysetup-job-temp-allocator-block-size-background=1048576"
    "memorysetup-job-temp-allocator-reduction-small-platforms=262144"
    "memorysetup-allocator-temp-initial-block-size-main=262144"
    "memorysetup-allocator-temp-initial-block-size-worker=262144"
    "memorysetup-temp-allocator-size-background-worker=32768"
    "memorysetup-temp-allocator-size-job-worker=262144"
    "memorysetup-temp-allocator-size-preload-manager=33554432"
    "memorysetup-temp-allocator-size-nav-mesh-worker=65536"
    "memorysetup-temp-allocator-size-audio-worker=65536"
    "memorysetup-temp-allocator-size-cloud-worker=32768"
    "memorysetup-temp-allocator-size-gi-baking-worker=262144"
    "memorysetup-temp-allocator-size-gfx=262144"
Player connection [28100] Host "[IP] 10.0.0.21 [Port] 0 [Flags] 2 [Guid] 2341757433 [EditorId] 2341757433 [Version] 1048832 [Id] WindowsEditor(7,General_Kenobi) [Debug] 1 [PackageName] WindowsEditor [ProjectName] Editor" joined multi-casting on [225.0.0.222:54997]...

Player connection [28100] Host "[IP] 10.0.0.21 [Port] 0 [Flags] 2 [Guid] 2341757433 [EditorId] 2341757433 [Version] 1048832 [Id] WindowsEditor(7,General_Kenobi) [Debug] 1 [PackageName] WindowsEditor [ProjectName] Editor" joined alternative multi-casting on [225.0.0.222:34997]...

[Physics::Module] Initialized MultithreadedJobDispatcher with 23 workers.
Refreshing native plugins compatible for Editor in 6.63 ms, found 3 plugins.
Preloading 0 native plugins for Editor in 0.00 ms.
Initialize engine version: 2022.3.10f1 (ff3792e53c62)
[Subsystems] Discovering subsystems at path C:/Program Files/Unity/Hub/Editor/2022.3.10f1/Editor/Data/Resources/UnitySubsystems
[Subsystems] Discovering subsystems at path C:/Users/Euanv/OneDrive/Documents/GitHub/CG-Ellie/CG_Built-In/Assets
GfxDevice: creating device client; threaded=0; jobified=0
Direct3D:
    Version:  Direct3D 11.0 [level 11.1]
    Renderer: NVIDIA GeForce RTX 4070 Ti (ID=0x2782)
    Vendor:   NVIDIA
    VRAM:     11996 MB
    Driver:   32.0.15.6590
Initialize mono
Mono path[0] = 'C:/Program Files/Unity/Hub/Editor/2022.3.10f1/Editor/Data/Managed'
Mono path[1] = 'C:/Program Files/Unity/Hub/Editor/2022.3.10f1/Editor/Data/MonoBleedingEdge/lib/mono/unityjit-win32'
Mono config path = 'C:/Program Files/Unity/Hub/Editor/2022.3.10f1/Editor/Data/MonoBleedingEdge/etc'
Using monoOptions --debugger-agent=transport=dt_socket,embedding=1,server=y,suspend=n,address=127.0.0.1:56272
Begin MonoManager ReloadAssembly
Registering precompiled unity dll's ...
Register platform support module: C:/Program Files/Unity/Hub/Editor/2022.3.10f1/Editor/Data/PlaybackEngines/WindowsStandaloneSupport/UnityEditor.WindowsStandalone.Extensions.dll
Registered in 0.004749 seconds.
- Loaded All Assemblies, in  0.220 seconds
Native extension for WindowsStandalone target not found
Mono: successfully reloaded assembly
- Finished resetting the current domain, in  0.155 seconds
Domain Reload Profiling: 375ms
	BeginReloadAssembly (70ms)
		ExecutionOrderSort (0ms)
		DisableScriptedObjects (0ms)
		BackupInstance (0ms)
		ReleaseScriptingObjects (0ms)
		CreateAndSetChildDomain (0ms)
	RebuildCommonClasses (22ms)
	RebuildNativeTypeToScriptingClass (6ms)
	initialDomainReloadingComplete (36ms)
	LoadAllAssembliesAndSetupDomain (85ms)
		LoadAssemblies (69ms)
		RebuildTransferFunctionScriptingTraits (0ms)
		AnalyzeDomain (84ms)
			TypeCache.Refresh (83ms)
				TypeCache.ScanAssembly (74ms)
			ScanForSourceGeneratedMonoScriptInfo (0ms)
			ResolveRequiredComponents (0ms)
	FinalizeReload (156ms)
		ReleaseScriptCaches (0ms)
		RebuildScriptCaches (0ms)
		SetupLoadedEditorAssemblies (121ms)
			LogAssemblyErrors (0ms)
			InitializePlatformSupportModulesInManaged (6ms)
			SetLoadedEditorAssemblies (5ms)
			RefreshPlugins (0ms)
			BeforeProcessingInitializeOnLoad (1ms)
			ProcessInitializeOnLoadAttributes (77ms)
			ProcessInitializeOnLoadMethodAttributes (32ms)
			AfterProcessingInitializeOnLoad (0ms)
			EditorAssembliesLoaded (0ms)
		ExecutionOrderSort2 (0ms)
		AwakeInstancesAfterBackupRestoration (0ms)
========================================================================
Worker process is ready to serve import requests
Begin MonoManager ReloadAssembly
- Loaded All Assemblies, in  0.360 seconds
Refreshing native plugins compatible for Editor in 2.20 ms, found 3 plugins.
Native extension for WindowsStandalone target not found
Package Manager log level set to [2]
[Package Manager] Server::EnsureServerProcessIsRunning -- launch failed, reason: Unity was launched with the -noUpm command-line argument
[Package Manager] UpmClient::Send -- Unable to send message (not connected to UPM process).
[Package Manager] Cannot connect to Unity Package Manager local server
Mono: successfully reloaded assembly
- Finished resetting the current domain, in  0.356 seconds
Domain Reload Profiling: 714ms
	BeginReloadAssembly (86ms)
		ExecutionOrderSort (0ms)
		DisableScriptedObjects (3ms)
		BackupInstance (0ms)
		ReleaseScriptingObjects (0ms)
		CreateAndSetChildDomain (13ms)
	RebuildCommonClasses (18ms)
	RebuildNativeTypeToScriptingClass (6ms)
	initialDomainReloadingComplete (24ms)
	LoadAllAssembliesAndSetupDomain (223ms)
		LoadAssemblies (176ms)
		RebuildTransferFunctionScriptingTraits (0ms)
		AnalyzeDomain (97ms)
			TypeCache.Refresh (86ms)
				TypeCache.ScanAssembly (77ms)
			ScanForSourceGeneratedMonoScriptInfo (8ms)
			ResolveRequiredComponents (2ms)
	FinalizeReload (356ms)
		ReleaseScriptCaches (0ms)
		RebuildScriptCaches (0ms)
		SetupLoadedEditorAssemblies (271ms)
			LogAssemblyErrors (0ms)
			InitializePlatformSupportModulesInManaged (4ms)
			SetLoadedEditorAssemblies (3ms)
			RefreshPlugins (0ms)
			BeforeProcessingInitializeOnLoad (37ms)
			ProcessInitializeOnLoadAttributes (212ms)
			ProcessInitializeOnLoadMethodAttributes (10ms)
			AfterProcessingInitializeOnLoad (5ms)
			EditorAssembliesLoaded (0ms)
		ExecutionOrderSort2 (0ms)
		AwakeInstancesAfterBackupRestoration (4ms)
Launched and connected shader compiler UnityShaderCompiler.exe after 0.03 seconds
Refreshing native plugins compatible for Editor in 3.12 ms, found 3 plugins.
Preloading 0 native plugins for Editor in 0.00 ms.
Unloading 3114 Unused Serialized files (Serialized files now loaded: 0)
Unloading 32 unused Assets / (67.3 KB). Loaded Objects now: 3578.
Memory consumption went from 127.8 MB to 127.8 MB.
Total: 2.812900 ms (FindLiveObjects: 0.196300 ms CreateObjectMapping: 0.065400 ms MarkObjects: 2.414300 ms  DeleteObjects: 0.135400 ms)

AssetImportParameters requested are different than current active one (requested -> active):
  custom:container-demuxer-ogg: 62fdf1f143b41e24485cea50d1cbac27 -> 
  custom:video-codec-MediaFoundation-h265: 746d11721c4dcdbdad8f713fa42b33f4 -> 
  custom:video-decoder-ogg-theora: a1e56fd34408186e4bbccfd4996cb3dc -> 
  custom:framework-win-MediaFoundation: 216162199b28c13a410421893ffa2e32 -> 
  custom:CustomObjectIndexerAttribute: 756ad292c208cfabdd7b50bc23989ffe -> 
  custom:container-demuxer-webm: 4f35f7cbe854078d1ac9338744f61a02 -> 
  custom:container-muxer-webm: aa71ff27fc2769a1b78a27578f13a17b -> 
  custom:video-decoder-webm-vp8: 9c59270c3fd7afecdb556c50c9e8de78 -> 
  custom:SearchIndexIgnoredProperties: e643bd26f0fe6173181afceb89e7c659 -> 
  custom:AudioImporter_EditorPlatform: d09bf68614088b80899f8185d706f6e7 -> 
  custom:video-encoder-webm-vp8: eb34c28f22e8b96e1ab97ce403110664 -> 
  custom:audio-decoder-ogg-vorbis: bf7c407c2cedff20999df2af8eb42d56 -> 
  custom:audio-encoder-webm-vorbis: bf7c407c2cedff20999df2af8eb42d56 -> 
========================================================================
Received Import Request.
  Time since last request: 2244057.827973 seconds.
  path: Assets/Models/Shaders/Diffuse_Basic.shader
  artifactKey: Guid(15c5de632f0ac8e43852ad669fd7450f) Importer(815301076,1909f56bfc062723c751e8b465ee728b)
Start importing Assets/Models/Shaders/Diffuse_Basic.shader using Guid(15c5de632f0ac8e43852ad669fd7450f) Importer(815301076,1909f56bfc062723c751e8b465ee728b)  -> (artifact id: '488f989fb7eb1ecffa89d8891601688a') in 0.012212 seconds
Number of updated asset objects reloaded before import = 0
Number of asset objects unloaded after import = 1
========================================================================
Received Import Request.
  Time since last request: 74.339457 seconds.
  path: Assets/Models/Materials/ColorGrading.mat
  artifactKey: Guid(17d60d4eb2e6926489e6da391ae7e1a6) Importer(815301076,1909f56bfc062723c751e8b465ee728b)
Start importing Assets/Models/Materials/ColorGrading.mat using Guid(17d60d4eb2e6926489e6da391ae7e1a6) Importer(815301076,1909f56bfc062723c751e8b465ee728b)  -> (artifact id: 'bb0de370112c05ed2ff873ba0b1019a8') in 0.063286 seconds
Number of updated asset objects reloaded before import = 0
Number of asset objects unloaded after import = 3
========================================================================
Received Import Request.
  Time since last request: 0.000015 seconds.
  path: Assets/Models/Materials/DiffuseExample.mat
  artifactKey: Guid(ba66fe9a1473ce64ea22893ac08b72e0) Importer(815301076,1909f56bfc062723c751e8b465ee728b)
Start importing Assets/Models/Materials/DiffuseExample.mat using Guid(ba66fe9a1473ce64ea22893ac08b72e0) Importer(815301076,1909f56bfc062723c751e8b465ee728b)  -> (artifact id: 'c86fe8eb969708089272f1e6f9b2a55f') in 0.039232 seconds
Number of updated asset objects reloaded before import = 0
Number of asset objects unloaded after import = 2
========================================================================
Received Import Request.
  Time since last request: 0.000012 seconds.
  path: Assets/Models/Materials/Head.mat
  artifactKey: Guid(fcd1a23f79a8da0499f4c87f004fc4cb) Importer(815301076,1909f56bfc062723c751e8b465ee728b)
Start importing Assets/Models/Materials/Head.mat using Guid(fcd1a23f79a8da0499f4c87f004fc4cb) Importer(815301076,1909f56bfc062723c751e8b465ee728b)  -> (artifact id: 'c99a9955ebfc88b97df52c0ab3b5dc8a') in 0.015758 seconds
Number of updated asset objects reloaded before import = 0
Number of asset objects unloaded after import = 1
========================================================================
Received Import Request.
  Time since last request: 0.000014 seconds.
  path: Assets/Models/Materials/StandardSpecularPBR.mat
  artifactKey: Guid(cdd49cb9bbc04a947929a0e6cfc69cda) Importer(815301076,1909f56bfc062723c751e8b465ee728b)
Start importing Assets/Models/Materials/StandardSpecularPBR.mat using Guid(cdd49cb9bbc04a947929a0e6cfc69cda) Importer(815301076,1909f56bfc062723c751e8b465ee728b)  -> (artifact id: 'c6d7dbcbbf9e15b93dfca2147a4c7abb') in 0.037518 seconds
Number of updated asset objects reloaded before import = 0
Number of asset objects unloaded after import = 1
========================================================================
Received Import Request.
  Time since last request: 0.000021 seconds.
  path: Assets/Models/Materials/Diffuse.mat
  artifactKey: Guid(eac11036f2a212440a2d5d69114162bf) Importer(815301076,1909f56bfc062723c751e8b465ee728b)
Start importing Assets/Models/Materials/Diffuse.mat using Guid(eac11036f2a212440a2d5d69114162bf) Importer(815301076,1909f56bfc062723c751e8b465ee728b)  -> (artifact id: '5129fad6c77d6feb33ae623cc06aebda') in 0.086143 seconds
Number of updated asset objects reloaded before import = 0
Number of asset objects unloaded after import = 3
========================================================================
Received Import Request.
  Time since last request: 0.000017 seconds.
  path: Assets/Models/Materials/StandardPBR.mat
  artifactKey: Guid(19b29941f03addd4abd7a5c4c37c7290) Importer(815301076,1909f56bfc062723c751e8b465ee728b)
Start importing Assets/Models/Materials/StandardPBR.mat using Guid(19b29941f03addd4abd7a5c4c37c7290) Importer(815301076,1909f56bfc062723c751e8b465ee728b)  -> (artifact id: '63a0838fe3e9d32f69977efad8b5082f') in 0.034234 seconds
Number of updated asset objects reloaded before import = 0
Number of asset objects unloaded after import = 1
========================================================================
Received Import Request.
  Time since last request: 0.000023 seconds.
  path: Assets/Models/Materials/Phong.mat
  artifactKey: Guid(ef61877416b0df34e9bb754f46b45595) Importer(815301076,1909f56bfc062723c751e8b465ee728b)
Start importing Assets/Models/Materials/Phong.mat using Guid(ef61877416b0df34e9bb754f46b45595) Importer(815301076,1909f56bfc062723c751e8b465ee728b)  -> (artifact id: 'c967b9f2fc8671326be55053924ee952') in 0.030759 seconds
Number of updated asset objects reloaded before import = 0
Number of asset objects unloaded after import = 1
========================================================================
Received Import Request.
  Time since last request: 0.000017 seconds.
  path: Assets/Models/Materials/Hair.mat
  artifactKey: Guid(450a802d5b7dc43469e87e3deeb2e6ce) Importer(815301076,1909f56bfc062723c751e8b465ee728b)
Start importing Assets/Models/Materials/Hair.mat using Guid(450a802d5b7dc43469e87e3deeb2e6ce) Importer(815301076,1909f56bfc062723c751e8b465ee728b)  -> (artifact id: 'e73f6fad599346091953815817cef434') in 0.013338 seconds
Number of updated asset objects reloaded before import = 0
Number of asset objects unloaded after import = 1
========================================================================
Received Import Request.
  Time since last request: 0.000013 seconds.
  path: Assets/Models/Materials/Standard.mat
  artifactKey: Guid(91791def66dddd24ca39e65cd3b3294f) Importer(815301076,1909f56bfc062723c751e8b465ee728b)
Start importing Assets/Models/Materials/Standard.mat using Guid(91791def66dddd24ca39e65cd3b3294f) Importer(815301076,1909f56bfc062723c751e8b465ee728b)  -> (artifact id: '636fad1d8755e5c1d472131da762db30') in 0.020868 seconds
Number of updated asset objects reloaded before import = 0
Number of asset objects unloaded after import = 3
========================================================================
Received Import Request.
  Time since last request: 25.428879 seconds.
  path: Assets/Models/Materials/Textures/Blue_Ice_001_NORM.jpg
  artifactKey: Guid(ecb2a73a5d094b64990a8a6f9ba96893) Importer(815301076,1909f56bfc062723c751e8b465ee728b)
Start importing Assets/Models/Materials/Textures/Blue_Ice_001_NORM.jpg using Guid(ecb2a73a5d094b64990a8a6f9ba96893) Importer(815301076,1909f56bfc062723c751e8b465ee728b)  -> (artifact id: 'ad038fca5a46e65436769cc59958b285') in 0.022711 seconds
Number of updated asset objects reloaded before import = 0
Number of asset objects unloaded after import = 2
========================================================================
Received Import Request.
  Time since last request: 0.000012 seconds.
  path: Assets/Models/Materials/Textures/images.jpeg
  artifactKey: Guid(6a8fc0f2c4c8ab9428e0cfeefed8cf5c) Importer(815301076,1909f56bfc062723c751e8b465ee728b)
Start importing Assets/Models/Materials/Textures/images.jpeg using Guid(6a8fc0f2c4c8ab9428e0cfeefed8cf5c) Importer(815301076,1909f56bfc062723c751e8b465ee728b)  -> (artifact id: '6f750ecb6b29db89887ea4bdef013572') in 0.017830 seconds
Number of updated asset objects reloaded before import = 0
Number of asset objects unloaded after import = 2
========================================================================
Received Import Request.
  Time since last request: 0.000014 seconds.
  path: Assets/Models/Materials/Textures/Blue_Ice_001_ROUGH.jpg
  artifactKey: Guid(caacc2033f31f7c488e0c08d9ffb36df) Importer(815301076,1909f56bfc062723c751e8b465ee728b)
Start importing Assets/Models/Materials/Textures/Blue_Ice_001_ROUGH.jpg using Guid(caacc2033f31f7c488e0c08d9ffb36df) Importer(815301076,1909f56bfc062723c751e8b465ee728b)  -> (artifact id: 'a99390865a2b645a5a4fd1d173976486') in 0.014509 seconds
Number of updated asset objects reloaded before import = 0
Number of asset objects unloaded after import = 2
========================================================================
Received Import Request.
  Time since last request: 0.000014 seconds.
  path: Assets/Models/Materials/Textures/istockphoto-681940210-612x612.jpg
  artifactKey: Guid(989b6976e96dd7848b23c474372c471b) Importer(815301076,1909f56bfc062723c751e8b465ee728b)
Start importing Assets/Models/Materials/Textures/istockphoto-681940210-612x612.jpg using Guid(989b6976e96dd7848b23c474372c471b) Importer(815301076,1909f56bfc062723c751e8b465ee728b)  -> (artifact id: '720e75dd6518e07c7d3f913041c69274') in 0.017996 seconds
Number of updated asset objects reloaded before import = 0
Number of asset objects unloaded after import = 2
Editor requested this worker to shutdown with reason: Scaling down because of idle timeout
TcpMessagingSession - receive error: operation aborted. errorcode: 995, details: The I/O operation has been aborted because of either a thread exit or an application request.
AssetImportWorker is now disconnected from the server
Process exiting
Exiting without the bug reporter. Application will terminate with return code 0